[2021-03-23 17:39:28Z INFO HostContext] No proxy settings were found based on environmental variables (http_proxy/https_proxy/HTTP_PROXY/HTTPS_PROXY)
[2021-03-23 17:39:28Z INFO HostContext] Well known directory 'Bin': '/Users/cu2y/Documents/GitHub/sinatra/actions-runner/bin'
[2021-03-23 17:39:28Z INFO HostContext] Well known directory 'Root': '/Users/cu2y/Documents/GitHub/sinatra/actions-runner'
[2021-03-23 17:39:28Z INFO HostContext] Well known config file 'Credentials': '/Users/cu2y/Documents/GitHub/sinatra/actions-runner/.credentials'
[2021-03-23 17:39:28Z INFO Listener] Runner is built for OSX (X64) - osx-x64.
[2021-03-23 17:39:28Z INFO Listener] RuntimeInformation: Darwin 20.3.0 Darwin Kernel Version 20.3.0: Thu Jan 21 00:07:06 PST 2021; root:xnu-7195.81.3~1/RELEASE_X86_64.
[2021-03-23 17:39:28Z INFO Listener] Version: 2.277.1
[2021-03-23 17:39:28Z INFO Listener] Commit: 183a3dd9a0d4d51feddc5fe9fa6c3b5f8b08343d
[2021-03-23 17:39:28Z INFO Listener] Culture: en-US
[2021-03-23 17:39:28Z INFO Listener] UI Culture: en-US
[2021-03-23 17:39:28Z INFO HostContext] Well known directory 'Bin': '/Users/cu2y/Documents/GitHub/sinatra/actions-runner/bin'
[2021-03-23 17:39:28Z INFO HostContext] Well known directory 'Root': '/Users/cu2y/Documents/GitHub/sinatra/actions-runner'
[2021-03-23 17:39:28Z INFO Listener] Validating directory permissions for: '/Users/cu2y/Documents/GitHub/sinatra/actions-runner'
[2021-03-23 17:39:28Z INFO CommandLineParser] Parse
[2021-03-23 17:39:28Z INFO CommandLineParser] Parsing 1 args
[2021-03-23 17:39:28Z INFO CommandLineParser] parsing argument
[2021-03-23 17:39:28Z INFO CommandLineParser] HasArgs: False
[2021-03-23 17:39:28Z INFO CommandLineParser] Adding Command: run
[2021-03-23 17:39:28Z INFO Listener] Arguments parsed
[2021-03-23 17:39:28Z INFO Runner] ExecuteCommand
[2021-03-23 17:39:28Z INFO ConfigurationStore] currentAssemblyLocation: /Users/cu2y/Documents/GitHub/sinatra/actions-runner/bin/Runner.Listener.dll
[2021-03-23 17:39:28Z INFO HostContext] Well known directory 'Bin': '/Users/cu2y/Documents/GitHub/sinatra/actions-runner/bin'
[2021-03-23 17:39:28Z INFO ConfigurationStore] binPath: /Users/cu2y/Documents/GitHub/sinatra/actions-runner/bin
[2021-03-23 17:39:28Z INFO HostContext] Well known directory 'Bin': '/Users/cu2y/Documents/GitHub/sinatra/actions-runner/bin'
[2021-03-23 17:39:28Z INFO HostContext] Well known directory 'Root': '/Users/cu2y/Documents/GitHub/sinatra/actions-runner'
[2021-03-23 17:39:28Z INFO ConfigurationStore] RootFolder: /Users/cu2y/Documents/GitHub/sinatra/actions-runner
[2021-03-23 17:39:28Z INFO HostContext] Well known directory 'Bin': '/Users/cu2y/Documents/GitHub/sinatra/actions-runner/bin'
[2021-03-23 17:39:28Z INFO HostContext] Well known directory 'Root': '/Users/cu2y/Documents/GitHub/sinatra/actions-runner'
[2021-03-23 17:39:28Z INFO HostContext] Well known config file 'Runner': '/Users/cu2y/Documents/GitHub/sinatra/actions-runner/.runner'
[2021-03-23 17:39:28Z INFO ConfigurationStore] ConfigFilePath: /Users/cu2y/Documents/GitHub/sinatra/actions-runner/.runner
[2021-03-23 17:39:28Z INFO HostContext] Well known directory 'Bin': '/Users/cu2y/Documents/GitHub/sinatra/actions-runner/bin'
[2021-03-23 17:39:28Z INFO HostContext] Well known directory 'Root': '/Users/cu2y/Documents/GitHub/sinatra/actions-runner'
[2021-03-23 17:39:28Z INFO HostContext] Well known config file 'Credentials': '/Users/cu2y/Documents/GitHub/sinatra/actions-runner/.credentials'
[2021-03-23 17:39:28Z INFO ConfigurationStore] CredFilePath: /Users/cu2y/Documents/GitHub/sinatra/actions-runner/.credentials
[2021-03-23 17:39:28Z INFO HostContext] Well known directory 'Bin': '/Users/cu2y/Documents/GitHub/sinatra/actions-runner/bin'
[2021-03-23 17:39:28Z INFO HostContext] Well known directory 'Root': '/Users/cu2y/Documents/GitHub/sinatra/actions-runner'
[2021-03-23 17:39:28Z INFO HostContext] Well known config file 'MigratedCredentials': '/Users/cu2y/Documents/GitHub/sinatra/actions-runner/.credentials_migrated'
[2021-03-23 17:39:28Z INFO ConfigurationStore] MigratedCredFilePath: /Users/cu2y/Documents/GitHub/sinatra/actions-runner/.credentials_migrated
[2021-03-23 17:39:28Z INFO HostContext] Well known directory 'Bin': '/Users/cu2y/Documents/GitHub/sinatra/actions-runner/bin'
[2021-03-23 17:39:28Z INFO HostContext] Well known directory 'Root': '/Users/cu2y/Documents/GitHub/sinatra/actions-runner'
[2021-03-23 17:39:28Z INFO HostContext] Well known config file 'Service': '/Users/cu2y/Documents/GitHub/sinatra/actions-runner/.service'
[2021-03-23 17:39:28Z INFO ConfigurationStore] ServiceConfigFilePath: /Users/cu2y/Documents/GitHub/sinatra/actions-runner/.service
[2021-03-23 17:39:28Z INFO CommandSettings] Flag 'help': 'False'
[2021-03-23 17:39:28Z INFO CommandSettings] Flag 'version': 'False'
[2021-03-23 17:39:28Z INFO CommandSettings] Flag 'commit': 'False'
[2021-03-23 17:39:28Z INFO CommandSettings] Flag 'check': 'False'
[2021-03-23 17:39:28Z INFO CommandSettings] Command 'configure': 'False'
[2021-03-23 17:39:28Z INFO CommandSettings] Command 'remove': 'False'
[2021-03-23 17:39:28Z INFO CommandSettings] Command 'warmup': 'False'
[2021-03-23 17:39:28Z INFO ConfigurationManager] LoadSettings
[2021-03-23 17:39:28Z INFO ConfigurationStore] IsConfigured()
[2021-03-23 17:39:28Z INFO ConfigurationStore] IsConfigured: True
[2021-03-23 17:39:28Z INFO ConfigurationManager] Is configured: True
[2021-03-23 17:39:28Z INFO ConfigurationStore] Read setting file: 296 chars
[2021-03-23 17:39:28Z INFO ConfigurationManager] Settings Loaded
[2021-03-23 17:39:28Z INFO ConfigurationStore] IsServiceConfigured()
[2021-03-23 17:39:28Z INFO ConfigurationStore] IsServiceConfigured: False
[2021-03-23 17:39:28Z INFO CommandSettings] Command 'run': 'True'
[2021-03-23 17:39:28Z INFO ConfigurationStore] IsConfigured()
[2021-03-23 17:39:28Z INFO ConfigurationStore] IsConfigured: True
[2021-03-23 17:39:28Z INFO ConfigurationManager] Is configured: True
[2021-03-23 17:39:28Z INFO Runner] Could not parse the argument value '' for StartupType. Defaulting to Manual
[2021-03-23 17:39:28Z INFO Runner] Set runner startup type - Manual
[2021-03-23 17:39:28Z INFO CommandSettings] Flag 'once': 'False'
[2021-03-23 17:39:28Z INFO Runner] RunAsync
[2021-03-23 17:39:28Z INFO ConfigurationManager] LoadSettings
[2021-03-23 17:39:28Z INFO ConfigurationStore] IsConfigured()
[2021-03-23 17:39:28Z INFO ConfigurationStore] IsConfigured: True
[2021-03-23 17:39:28Z INFO ConfigurationManager] Is configured: True
[2021-03-23 17:39:28Z INFO ConfigurationManager] Settings Loaded
[2021-03-23 17:39:28Z INFO MessageListener] {
  "AgentId": 2,
  "AgentName": "Queilas-MacBook-Pro",
  "PoolId": 1,
  "PoolName": "Default",
  "ServerUrl": "https://pipelines.actions.githubusercontent.com/1EgPqXJcpkPASwMbJma569m2lFEhKXr8r9gd7E6YJmAk7dISuv",
  "GitHubUrl": "https://github.com/queilawithaQ/sinatra",
  "WorkFolder": "_work"
}
[2021-03-23 17:39:28Z INFO MessageListener] Loading Credentials
[2021-03-23 17:39:28Z INFO ConfigurationStore] HasCredentials()
[2021-03-23 17:39:28Z INFO ConfigurationStore] stored True
[2021-03-23 17:39:28Z INFO CredentialManager] GetCredentialProvider
[2021-03-23 17:39:28Z INFO CredentialManager] Creating type OAuth
[2021-03-23 17:39:28Z INFO CredentialManager] Creating credential type: OAuth
[2021-03-23 17:39:28Z INFO HostContext] Well known directory 'Bin': '/Users/cu2y/Documents/GitHub/sinatra/actions-runner/bin'
[2021-03-23 17:39:28Z INFO HostContext] Well known directory 'Root': '/Users/cu2y/Documents/GitHub/sinatra/actions-runner'
[2021-03-23 17:39:28Z INFO HostContext] Well known config file 'RSACredentials': '/Users/cu2y/Documents/GitHub/sinatra/actions-runner/.credentials_rsaparams'
[2021-03-23 17:39:28Z INFO RSAFileKeyManager] Loading RSA key parameters from file /Users/cu2y/Documents/GitHub/sinatra/actions-runner/.credentials_rsaparams
[2021-03-23 17:39:28Z INFO MessageListener] Attempt to create session.
[2021-03-23 17:39:28Z INFO MessageListener] Connecting to the Runner Server...
[2021-03-23 17:39:28Z INFO RunnerServer] Establish connection with 100 seconds timeout.
[2021-03-23 17:39:28Z INFO GitHubActionsService] Starting operation Location.GetConnectionData
[2021-03-23 17:39:28Z INFO RunnerServer] Establish connection with 60 seconds timeout.
[2021-03-23 17:39:28Z INFO GitHubActionsService] Starting operation Location.GetConnectionData
[2021-03-23 17:39:28Z INFO RunnerServer] Establish connection with 60 seconds timeout.
[2021-03-23 17:39:28Z INFO GitHubActionsService] Starting operation Location.GetConnectionData
[2021-03-23 17:39:28Z INFO GitHubActionsService] Finished operation Location.GetConnectionData
[2021-03-23 17:39:28Z INFO GitHubActionsService] Finished operation Location.GetConnectionData
[2021-03-23 17:39:28Z INFO GitHubActionsService] Finished operation Location.GetConnectionData
[2021-03-23 17:39:28Z INFO GitHubActionsService] Starting operation Location.GetConnectionData
[2021-03-23 17:39:29Z INFO GitHubActionsService] Finished operation Location.GetConnectionData
[2021-03-23 17:39:29Z INFO GitHubActionsService] Starting operation Location.GetConnectionData
[2021-03-23 17:39:29Z INFO GitHubActionsService] Finished operation Location.GetConnectionData
[2021-03-23 17:39:29Z INFO GitHubActionsService] Starting operation Location.GetConnectionData
[2021-03-23 17:39:29Z INFO GitHubActionsService] Finished operation Location.GetConnectionData
[2021-03-23 17:39:29Z INFO MessageListener] VssConnection created
[2021-03-23 17:39:29Z INFO Terminal] WRITE LINE: 
[2021-03-23 17:39:29Z INFO Terminal] WRITE LINE: 
[2021-03-23 17:39:29Z WARN GitHubActionsService] Authentication failed with status code 401.
WWW-Authenticate: Bearer
Strict-Transport-Security: max-age=2592000
X-TFS-ProcessId: 638302e3-c761-43fa-9a4a-1bf42fb66d0e
ActivityId: 4162816a-aceb-49bd-a393-09f16bb343f7
X-TFS-Session: a34ea174-caff-42a2-b7a0-4dee6512d3dc
X-VSS-E2EID: 813a162d-5617-419c-a885-1ec727f43241
X-VSS-SenderDeploymentId: 2c974d96-2c30-cef5-eff2-3e0511a903a5
X-TFS-ServiceError: The+user+%27System%3aPublicAccess%3baaaaaaaa-aaaa-aaaa-aaaa-aaaaaaaaaaaa%27+is+not+authorized+to+access+this+resource.
X-VSS-S2STargetService: 0000005A-0000-8888-8000-000000000000/visualstudio.com
X-MSEdge-Ref: Ref A: 77DE77736D894104A7DA6C44DF2A0A10 Ref B: MIAEDGE1409 Ref C: 2021-03-23T17:39:29Z
Date: Tue, 23 Mar 2021 17:39:29 GMT

[2021-03-23 17:39:29Z INFO RSAFileKeyManager] Loading RSA key parameters from file /Users/cu2y/Documents/GitHub/sinatra/actions-runner/.credentials_rsaparams
[2021-03-23 17:39:29Z INFO RSAFileKeyManager] Loading RSA key parameters from file /Users/cu2y/Documents/GitHub/sinatra/actions-runner/.credentials_rsaparams
[2021-03-23 17:39:29Z INFO GitHubActionsService] AAD Correlation ID for this token request: Unknown
[2021-03-23 17:39:30Z INFO MessageListener] Session created.
[2021-03-23 17:39:30Z INFO Terminal] WRITE LINE: 2021-03-23 17:39:30Z: Listening for Jobs
[2021-03-23 17:39:30Z INFO JobDispatcher] Set runner/worker IPC timeout to 30 seconds.
[2021-03-23 18:09:35Z INFO MessageListener] No message retrieved from session '188e6fa9-2e1e-48aa-8880-d65b9c402b4e' within last 30 minutes.
