[2021-03-23 17:38:46Z INFO HostContext] No proxy settings were found based on environmental variables (http_proxy/https_proxy/HTTP_PROXY/HTTPS_PROXY)
[2021-03-23 17:38:46Z INFO HostContext] Well known directory 'Bin': '/Users/cu2y/Documents/GitHub/sinatra/actions-runner/bin'
[2021-03-23 17:38:46Z INFO HostContext] Well known directory 'Root': '/Users/cu2y/Documents/GitHub/sinatra/actions-runner'
[2021-03-23 17:38:46Z INFO HostContext] Well known config file 'Credentials': '/Users/cu2y/Documents/GitHub/sinatra/actions-runner/.credentials'
[2021-03-23 17:38:46Z INFO Listener] Runner is built for OSX (X64) - osx-x64.
[2021-03-23 17:38:46Z INFO Listener] RuntimeInformation: Darwin 20.3.0 Darwin Kernel Version 20.3.0: Thu Jan 21 00:07:06 PST 2021; root:xnu-7195.81.3~1/RELEASE_X86_64.
[2021-03-23 17:38:46Z INFO Listener] Version: 2.277.1
[2021-03-23 17:38:46Z INFO Listener] Commit: 183a3dd9a0d4d51feddc5fe9fa6c3b5f8b08343d
[2021-03-23 17:38:46Z INFO Listener] Culture: en-US
[2021-03-23 17:38:46Z INFO Listener] UI Culture: en-US
[2021-03-23 17:38:46Z INFO HostContext] Well known directory 'Bin': '/Users/cu2y/Documents/GitHub/sinatra/actions-runner/bin'
[2021-03-23 17:38:46Z INFO HostContext] Well known directory 'Root': '/Users/cu2y/Documents/GitHub/sinatra/actions-runner'
[2021-03-23 17:38:46Z INFO Listener] Validating directory permissions for: '/Users/cu2y/Documents/GitHub/sinatra/actions-runner'
[2021-03-23 17:38:46Z INFO CommandLineParser] Parse
[2021-03-23 17:38:46Z INFO CommandLineParser] Parsing 5 args
[2021-03-23 17:38:46Z INFO CommandLineParser] parsing argument
[2021-03-23 17:38:46Z INFO CommandLineParser] HasArgs: False
[2021-03-23 17:38:46Z INFO CommandLineParser] Adding Command: configure
[2021-03-23 17:38:46Z INFO CommandLineParser] parsing argument
[2021-03-23 17:38:46Z INFO CommandLineParser] HasArgs: True
[2021-03-23 17:38:46Z INFO CommandLineParser] arg: url
[2021-03-23 17:38:46Z INFO CommandLineParser] parsing argument
[2021-03-23 17:38:46Z INFO CommandLineParser] HasArgs: True
[2021-03-23 17:38:46Z INFO CommandLineParser] Adding option 'url': 'https://github.com/queilawithaQ/sinatra'
[2021-03-23 17:38:46Z INFO CommandLineParser] parsing argument
[2021-03-23 17:38:46Z INFO CommandLineParser] HasArgs: True
[2021-03-23 17:38:46Z INFO CommandLineParser] arg: token
[2021-03-23 17:38:46Z INFO CommandLineParser] parsing argument
[2021-03-23 17:38:46Z INFO CommandLineParser] HasArgs: True
[2021-03-23 17:38:46Z INFO CommandLineParser] Adding option 'token': '***'
[2021-03-23 17:38:46Z INFO Listener] Arguments parsed
[2021-03-23 17:38:46Z INFO Runner] ExecuteCommand
[2021-03-23 17:38:46Z INFO ConfigurationStore] currentAssemblyLocation: /Users/cu2y/Documents/GitHub/sinatra/actions-runner/bin/Runner.Listener.dll
[2021-03-23 17:38:46Z INFO HostContext] Well known directory 'Bin': '/Users/cu2y/Documents/GitHub/sinatra/actions-runner/bin'
[2021-03-23 17:38:46Z INFO ConfigurationStore] binPath: /Users/cu2y/Documents/GitHub/sinatra/actions-runner/bin
[2021-03-23 17:38:46Z INFO HostContext] Well known directory 'Bin': '/Users/cu2y/Documents/GitHub/sinatra/actions-runner/bin'
[2021-03-23 17:38:46Z INFO HostContext] Well known directory 'Root': '/Users/cu2y/Documents/GitHub/sinatra/actions-runner'
[2021-03-23 17:38:46Z INFO ConfigurationStore] RootFolder: /Users/cu2y/Documents/GitHub/sinatra/actions-runner
[2021-03-23 17:38:46Z INFO HostContext] Well known directory 'Bin': '/Users/cu2y/Documents/GitHub/sinatra/actions-runner/bin'
[2021-03-23 17:38:46Z INFO HostContext] Well known directory 'Root': '/Users/cu2y/Documents/GitHub/sinatra/actions-runner'
[2021-03-23 17:38:46Z INFO HostContext] Well known config file 'Runner': '/Users/cu2y/Documents/GitHub/sinatra/actions-runner/.runner'
[2021-03-23 17:38:46Z INFO ConfigurationStore] ConfigFilePath: /Users/cu2y/Documents/GitHub/sinatra/actions-runner/.runner
[2021-03-23 17:38:46Z INFO HostContext] Well known directory 'Bin': '/Users/cu2y/Documents/GitHub/sinatra/actions-runner/bin'
[2021-03-23 17:38:46Z INFO HostContext] Well known directory 'Root': '/Users/cu2y/Documents/GitHub/sinatra/actions-runner'
[2021-03-23 17:38:46Z INFO HostContext] Well known config file 'Credentials': '/Users/cu2y/Documents/GitHub/sinatra/actions-runner/.credentials'
[2021-03-23 17:38:46Z INFO ConfigurationStore] CredFilePath: /Users/cu2y/Documents/GitHub/sinatra/actions-runner/.credentials
[2021-03-23 17:38:46Z INFO HostContext] Well known directory 'Bin': '/Users/cu2y/Documents/GitHub/sinatra/actions-runner/bin'
[2021-03-23 17:38:46Z INFO HostContext] Well known directory 'Root': '/Users/cu2y/Documents/GitHub/sinatra/actions-runner'
[2021-03-23 17:38:46Z INFO HostContext] Well known config file 'MigratedCredentials': '/Users/cu2y/Documents/GitHub/sinatra/actions-runner/.credentials_migrated'
[2021-03-23 17:38:46Z INFO ConfigurationStore] MigratedCredFilePath: /Users/cu2y/Documents/GitHub/sinatra/actions-runner/.credentials_migrated
[2021-03-23 17:38:46Z INFO HostContext] Well known directory 'Bin': '/Users/cu2y/Documents/GitHub/sinatra/actions-runner/bin'
[2021-03-23 17:38:46Z INFO HostContext] Well known directory 'Root': '/Users/cu2y/Documents/GitHub/sinatra/actions-runner'
[2021-03-23 17:38:46Z INFO HostContext] Well known config file 'Service': '/Users/cu2y/Documents/GitHub/sinatra/actions-runner/.service'
[2021-03-23 17:38:46Z INFO ConfigurationStore] ServiceConfigFilePath: /Users/cu2y/Documents/GitHub/sinatra/actions-runner/.service
[2021-03-23 17:38:46Z INFO CommandSettings] Flag 'help': 'False'
[2021-03-23 17:38:46Z INFO CommandSettings] Flag 'version': 'False'
[2021-03-23 17:38:46Z INFO CommandSettings] Flag 'commit': 'False'
[2021-03-23 17:38:46Z INFO CommandSettings] Flag 'check': 'False'
[2021-03-23 17:38:46Z INFO CommandSettings] Command 'configure': 'True'
[2021-03-23 17:38:46Z INFO Terminal] WRITE LINE: 
[2021-03-23 17:38:46Z INFO Terminal] WRITE LINE: --------------------------------------------------------------------------------
[2021-03-23 17:38:46Z INFO Terminal] WRITE LINE: |        ____ _ _   _   _       _          _        _   _                      |
[2021-03-23 17:38:46Z INFO Terminal] WRITE LINE: |       / ___(_) |_| | | |_   _| |__      / \   ___| |_(_) ___  _ __  ___      |
[2021-03-23 17:38:46Z INFO Terminal] WRITE LINE: |      | |  _| | __| |_| | | | | '_ \    / _ \ / __| __| |/ _ \| '_ \/ __|     |
[2021-03-23 17:38:46Z INFO Terminal] WRITE LINE: |      | |_| | | |_|  _  | |_| | |_) |  / ___ \ (__| |_| | (_) | | | \__ \     |
[2021-03-23 17:38:46Z INFO Terminal] WRITE LINE: |       \____|_|\__|_| |_|\__,_|_.__/  /_/   \_\___|\__|_|\___/|_| |_|___/     |
[2021-03-23 17:38:46Z INFO Terminal] WRITE LINE: |                                                                              |
[2021-03-23 17:38:46Z INFO Terminal] WRITE: |                       
[2021-03-23 17:38:46Z INFO Terminal] WRITE: Self-hosted runner registration
[2021-03-23 17:38:46Z INFO Terminal] WRITE LINE:                         |
[2021-03-23 17:38:46Z INFO Terminal] WRITE LINE: |                                                                              |
[2021-03-23 17:38:46Z INFO Terminal] WRITE LINE: --------------------------------------------------------------------------------
[2021-03-23 17:38:46Z INFO ConfigurationManager] ConfigureAsync
[2021-03-23 17:38:46Z INFO ConfigurationStore] IsConfigured()
[2021-03-23 17:38:46Z INFO ConfigurationStore] IsConfigured: False
[2021-03-23 17:38:46Z INFO ConfigurationManager] Is configured: False
[2021-03-23 17:38:46Z INFO CommandSettings] Arg 'url': 'https://github.com/queilawithaQ/sinatra'
[2021-03-23 17:38:46Z INFO CommandSettings] Remove url from Arg dictionary.
[2021-03-23 17:38:46Z INFO CommandSettings] Arg 'token': '***'
[2021-03-23 17:38:46Z INFO CommandSettings] Remove token from Arg dictionary.
[2021-03-23 17:38:47Z INFO ConfigurationManager] Http response code: OK from 'POST https://api.github.com/actions/runner-registration'
[2021-03-23 17:38:47Z INFO ConfigurationManager] cred retrieved via GitHub auth
[2021-03-23 17:38:47Z INFO RunnerServer] Establish connection with 100 seconds timeout.
[2021-03-23 17:38:47Z INFO GitHubActionsService] Starting operation Location.GetConnectionData
[2021-03-23 17:38:47Z INFO RunnerServer] Establish connection with 60 seconds timeout.
[2021-03-23 17:38:47Z INFO GitHubActionsService] Starting operation Location.GetConnectionData
[2021-03-23 17:38:47Z INFO RunnerServer] Establish connection with 60 seconds timeout.
[2021-03-23 17:38:47Z INFO GitHubActionsService] Starting operation Location.GetConnectionData
[2021-03-23 17:38:48Z INFO GitHubActionsService] Finished operation Location.GetConnectionData
[2021-03-23 17:38:48Z INFO GitHubActionsService] Finished operation Location.GetConnectionData
[2021-03-23 17:38:48Z INFO GitHubActionsService] Finished operation Location.GetConnectionData
[2021-03-23 17:38:48Z INFO Terminal] WRITE LINE: 
[2021-03-23 17:38:48Z INFO ConfigurationManager] Test Connection complete.
[2021-03-23 17:38:48Z INFO HostContext] Well known directory 'Bin': '/Users/cu2y/Documents/GitHub/sinatra/actions-runner/bin'
[2021-03-23 17:38:48Z INFO HostContext] Well known directory 'Root': '/Users/cu2y/Documents/GitHub/sinatra/actions-runner'
[2021-03-23 17:38:48Z INFO HostContext] Well known config file 'RSACredentials': '/Users/cu2y/Documents/GitHub/sinatra/actions-runner/.credentials_rsaparams'
[2021-03-23 17:38:48Z INFO RSAFileKeyManager] Creating new RSA key using 2048-bit key length
[2021-03-23 17:38:48Z INFO RSAFileKeyManager] Successfully saved RSA key parameters to file /Users/cu2y/Documents/GitHub/sinatra/actions-runner/.credentials_rsaparams
[2021-03-23 17:38:48Z INFO RSAFileKeyManager] Which: 'chmod'
[2021-03-23 17:38:48Z INFO RSAFileKeyManager] Location: '/bin/chmod'
[2021-03-23 17:38:48Z INFO HostContext] Well known directory 'Bin': '/Users/cu2y/Documents/GitHub/sinatra/actions-runner/bin'
[2021-03-23 17:38:48Z INFO HostContext] Well known directory 'Root': '/Users/cu2y/Documents/GitHub/sinatra/actions-runner'
[2021-03-23 17:38:48Z INFO ProcessInvokerWrapper] Starting process:
[2021-03-23 17:38:48Z INFO ProcessInvokerWrapper]   File name: '/bin/chmod'
[2021-03-23 17:38:48Z INFO ProcessInvokerWrapper]   Arguments: '600 /Users/cu2y/Documents/GitHub/sinatra/actions-runner/.credentials_rsaparams'
[2021-03-23 17:38:48Z INFO ProcessInvokerWrapper]   Working directory: '/Users/cu2y/Documents/GitHub/sinatra/actions-runner'
[2021-03-23 17:38:48Z INFO ProcessInvokerWrapper]   Require exit code zero: 'False'
[2021-03-23 17:38:48Z INFO ProcessInvokerWrapper]   Encoding web name:  ; code page: ''
[2021-03-23 17:38:48Z INFO ProcessInvokerWrapper]   Force kill process on cancellation: 'False'
[2021-03-23 17:38:48Z INFO ProcessInvokerWrapper]   Redirected STDIN: 'False'
[2021-03-23 17:38:48Z INFO ProcessInvokerWrapper]   Persist current code page: 'False'
[2021-03-23 17:38:48Z INFO ProcessInvokerWrapper]   Keep redirected STDIN open: 'False'
[2021-03-23 17:38:48Z INFO ProcessInvokerWrapper]   High priority process: 'False'
[2021-03-23 17:38:48Z INFO ProcessInvokerWrapper] Process started with process id 37253, waiting for process exit.
[2021-03-23 17:38:48Z INFO ProcessInvokerWrapper] STDOUT/STDERR stream read finished.
[2021-03-23 17:38:48Z INFO ProcessInvokerWrapper] STDOUT/STDERR stream read finished.
[2021-03-23 17:38:48Z INFO ProcessInvokerWrapper] Finished process 37253 with exit code 0, and elapsed time 00:00:00.0120226.
[2021-03-23 17:38:48Z INFO RSAFileKeyManager] Successfully set permissions for RSA key parameters file /Users/cu2y/Documents/GitHub/sinatra/actions-runner/.credentials_rsaparams
[2021-03-23 17:38:48Z INFO ConfigurationManager] Found a self-hosted runner group with id {1} and name {2} 1, Default
[2021-03-23 17:38:48Z INFO CommandSettings] Arg 'name': ''
[2021-03-23 17:38:48Z INFO CommandSettings] Flag 'unattended': 'False'
[2021-03-23 17:38:48Z INFO PromptManager] ReadValue
[2021-03-23 17:38:48Z INFO Terminal] WRITE: Enter the name of runner: 
[2021-03-23 17:38:48Z INFO Terminal] WRITE: [press Enter for Queilas-MacBook-Pro] 
[2021-03-23 17:38:48Z INFO Terminal] READ LINE
[2021-03-23 17:39:03Z INFO Terminal] Read value: ''
[2021-03-23 17:39:03Z INFO PromptManager] Falling back to the default: 'Queilas-MacBook-Pro'
[2021-03-23 17:39:03Z INFO Terminal] WRITE LINE: 
[2021-03-23 17:39:03Z INFO CommandSettings] Arg 'labels': ''
[2021-03-23 17:39:03Z INFO CommandSettings] Flag 'unattended': 'False'
[2021-03-23 17:39:03Z INFO PromptManager] ReadValue
[2021-03-23 17:39:03Z INFO Terminal] WRITE: This runner will have the following labels: 'self-hosted', 'macOS', 'X64' 
Enter any additional labels (ex. label-1,label-2): 
[2021-03-23 17:39:03Z INFO Terminal] WRITE: [press Enter to skip] 
[2021-03-23 17:39:03Z INFO Terminal] READ LINE
[2021-03-23 17:39:12Z INFO Terminal] Read value: ''
[2021-03-23 17:39:12Z INFO Terminal] WRITE LINE: 
[2021-03-23 17:39:24Z INFO ConfigurationStore] Saving OAuth credential @ /Users/cu2y/Documents/GitHub/sinatra/actions-runner/.credentials
[2021-03-23 17:39:24Z INFO ConfigurationStore] Credentials Saved.
[2021-03-23 17:39:24Z INFO ConfigurationStore] HasCredentials()
[2021-03-23 17:39:24Z INFO ConfigurationStore] stored True
[2021-03-23 17:39:24Z INFO CredentialManager] GetCredentialProvider
[2021-03-23 17:39:24Z INFO CredentialManager] Creating type OAuth
[2021-03-23 17:39:24Z INFO CredentialManager] Creating credential type: OAuth
[2021-03-23 17:39:24Z INFO RSAFileKeyManager] Loading RSA key parameters from file /Users/cu2y/Documents/GitHub/sinatra/actions-runner/.credentials_rsaparams
[2021-03-23 17:39:24Z INFO RunnerServer] Establish connection with 100 seconds timeout.
[2021-03-23 17:39:24Z INFO GitHubActionsService] Starting operation Location.GetConnectionData
[2021-03-23 17:39:24Z INFO RunnerServer] Establish connection with 60 seconds timeout.
[2021-03-23 17:39:24Z INFO GitHubActionsService] Starting operation Location.GetConnectionData
[2021-03-23 17:39:24Z INFO RunnerServer] Establish connection with 60 seconds timeout.
[2021-03-23 17:39:24Z INFO GitHubActionsService] Starting operation Location.GetConnectionData
[2021-03-23 17:39:24Z INFO GitHubActionsService] Finished operation Location.GetConnectionData
[2021-03-23 17:39:24Z INFO GitHubActionsService] Finished operation Location.GetConnectionData
[2021-03-23 17:39:24Z INFO GitHubActionsService] Finished operation Location.GetConnectionData
[2021-03-23 17:39:24Z INFO GitHubActionsService] Starting operation Location.GetConnectionData
[2021-03-23 17:39:24Z INFO GitHubActionsService] Finished operation Location.GetConnectionData
[2021-03-23 17:39:24Z WARN GitHubActionsService] Authentication failed with status code 401.
WWW-Authenticate: Bearer
Strict-Transport-Security: max-age=2592000
X-TFS-ProcessId: e47ab9ee-52e9-452e-9b3d-c283e0f5d762
ActivityId: d29a1629-fcdb-4ee2-a68e-770ebf8c382f
X-TFS-Session: 7ab7dd68-01a7-436f-af1b-bf6803b62a61
X-VSS-E2EID: 5ba53a44-16a4-4679-b0f2-4d07a61858e7
X-VSS-SenderDeploymentId: 2c974d96-2c30-cef5-eff2-3e0511a903a5
X-TFS-ServiceError: The+user+%27System%3aPublicAccess%3baaaaaaaa-aaaa-aaaa-aaaa-aaaaaaaaaaaa%27+is+not+authorized+to+access+this+resource.
X-VSS-S2STargetService: 0000005A-0000-8888-8000-000000000000/visualstudio.com
X-MSEdge-Ref: Ref A: BD0EAA453BFF4B198CFAB6ECB2DA5F43 Ref B: MIAEDGE2911 Ref C: 2021-03-23T17:39:24Z
Date: Tue, 23 Mar 2021 17:39:24 GMT

[2021-03-23 17:39:24Z INFO RSAFileKeyManager] Loading RSA key parameters from file /Users/cu2y/Documents/GitHub/sinatra/actions-runner/.credentials_rsaparams
[2021-03-23 17:39:24Z INFO RSAFileKeyManager] Loading RSA key parameters from file /Users/cu2y/Documents/GitHub/sinatra/actions-runner/.credentials_rsaparams
[2021-03-23 17:39:24Z INFO GitHubActionsService] AAD Correlation ID for this token request: Unknown
[2021-03-23 17:39:24Z INFO CommandSettings] Arg 'work': ''
[2021-03-23 17:39:24Z INFO CommandSettings] Flag 'unattended': 'False'
[2021-03-23 17:39:24Z INFO PromptManager] ReadValue
[2021-03-23 17:39:24Z INFO Terminal] WRITE: Enter name of work folder: 
[2021-03-23 17:39:24Z INFO Terminal] WRITE: [press Enter for _work] 
[2021-03-23 17:39:24Z INFO Terminal] READ LINE
[2021-03-23 17:39:24Z INFO Terminal] Read value: ''
[2021-03-23 17:39:24Z INFO PromptManager] Falling back to the default: '_work'
[2021-03-23 17:39:24Z INFO ConfigurationStore] Saving runner settings.
[2021-03-23 17:39:24Z INFO ConfigurationStore] Settings Saved.
[2021-03-23 17:39:24Z INFO Terminal] WRITE LINE: 
[2021-03-23 17:39:24Z INFO Terminal] WRITE LINE: 
[2021-03-23 17:39:24Z INFO OsxServiceControlManager] Service name 'actions.runner.queilawithaQ-sinatra.Queilas-MacBook-Pro' display name 'GitHub Actions Runner (queilawithaQ-sinatra.Queilas-MacBook-Pro)' will be used for service configuration.
[2021-03-23 17:39:24Z INFO HostContext] Well known directory 'Bin': '/Users/cu2y/Documents/GitHub/sinatra/actions-runner/bin'
[2021-03-23 17:39:24Z INFO HostContext] Well known directory 'Root': '/Users/cu2y/Documents/GitHub/sinatra/actions-runner'
[2021-03-23 17:39:24Z INFO HostContext] Well known directory 'Bin': '/Users/cu2y/Documents/GitHub/sinatra/actions-runner/bin'
[2021-03-23 17:39:24Z INFO HostContext] Well known directory 'Bin': '/Users/cu2y/Documents/GitHub/sinatra/actions-runner/bin'
[2021-03-23 17:39:24Z INFO HostContext] Well known directory 'Root': '/Users/cu2y/Documents/GitHub/sinatra/actions-runner'
[2021-03-23 17:39:24Z INFO UnixUtil] Which: 'chmod'
[2021-03-23 17:39:24Z INFO UnixUtil] Location: '/bin/chmod'
[2021-03-23 17:39:24Z INFO UnixUtil] Running /bin/chmod 755 "/Users/cu2y/Documents/GitHub/sinatra/actions-runner/svc.sh"
[2021-03-23 17:39:24Z INFO ProcessInvokerWrapper] Starting process:
[2021-03-23 17:39:24Z INFO ProcessInvokerWrapper]   File name: '/bin/chmod'
[2021-03-23 17:39:24Z INFO ProcessInvokerWrapper]   Arguments: '755 "/Users/cu2y/Documents/GitHub/sinatra/actions-runner/svc.sh"'
[2021-03-23 17:39:24Z INFO ProcessInvokerWrapper]   Working directory: '/Users/cu2y/Documents/GitHub/sinatra/actions-runner'
[2021-03-23 17:39:24Z INFO ProcessInvokerWrapper]   Require exit code zero: 'True'
[2021-03-23 17:39:24Z INFO ProcessInvokerWrapper]   Encoding web name:  ; code page: ''
[2021-03-23 17:39:24Z INFO ProcessInvokerWrapper]   Force kill process on cancellation: 'False'
[2021-03-23 17:39:24Z INFO ProcessInvokerWrapper]   Redirected STDIN: 'False'
[2021-03-23 17:39:24Z INFO ProcessInvokerWrapper]   Persist current code page: 'False'
[2021-03-23 17:39:24Z INFO ProcessInvokerWrapper]   Keep redirected STDIN open: 'False'
[2021-03-23 17:39:24Z INFO ProcessInvokerWrapper]   High priority process: 'False'
[2021-03-23 17:39:25Z INFO ProcessInvokerWrapper] Process started with process id 37327, waiting for process exit.
[2021-03-23 17:39:25Z INFO ProcessInvokerWrapper] STDOUT/STDERR stream read finished.
[2021-03-23 17:39:25Z INFO ProcessInvokerWrapper] STDOUT/STDERR stream read finished.
[2021-03-23 17:39:25Z INFO ProcessInvokerWrapper] Finished process 37327 with exit code 0, and elapsed time 00:00:00.0126380.
[2021-03-23 17:39:25Z INFO Listener] Runner execution has finished with return code 0
